  field.cpp
  manager.cpp
c:\users\user\documents\gm\gm21game05_input\project4\scene.h(57): error C2664: 'void std::list<CGameObject *,std::allocator<_Ty>>::push_back(const _Ty &)': 引数 1 を 'T *' から '_Ty &&' へ変換できません。
          with
          [
              _Ty=CGameObject *
          ]
          and
          [
              T=CPolygon
          ]
          and
          [
              _Ty=CGameObject *
          ]
  c:\users\user\documents\gm\gm21game05_input\project4\scene.h(57): note: 理由: 'T *' から '_Ty' へは変換できません。
          with
          [
              T=CPolygon
          ]
          and
          [
              _Ty=CGameObject *
          ]
  c:\users\user\documents\gm\gm21game05_input\project4\scene.h(57): note: 指示された型は関連がありません。変換には reinterpret_cast、C スタイル キャストまたは関数スタイルのキャストが必要です。
  c:\users\user\documents\gm\gm21game05_input\project4\scene.h(35): note: コンパイル対象の関数 テンプレート インスタンス化 'T *CScene::AddGameObject<CPolygon>(void)' のリファレンスを確認してください
          with
          [
              T=CPolygon
          ]
  polygon.cpp
  コードを生成中...
