c:\users\user\documents\gm\gm21game05_input\project4\debug\vc141.pdb
c:\users\user\documents\gm\gm21game05_input\project4\debug\vc141.idb
c:\users\user\documents\gm\gm21game05_input\project4\debug\resource.obj
c:\users\user\documents\gm\gm21game05_input\project4\debug\renderer.obj
c:\users\user\documents\gm\gm21game05_input\project4\debug\polygon.obj
c:\users\user\documents\gm\gm21game05_input\project4\debug\player.obj
c:\users\user\documents\gm\gm21game05_input\project4\debug\model.obj
c:\users\user\documents\gm\gm21game05_input\project4\debug\manager.obj
c:\users\user\documents\gm\gm21game05_input\project4\debug\main.obj
c:\users\user\documents\gm\gm21game05_input\project4\debug\input.obj
c:\users\user\documents\gm\gm21game05_input\project4\debug\fps.obj
c:\users\user\documents\gm\gm21game05_input\project4\debug\field.obj
c:\users\user\documents\gm\gm21game05_input\project4\debug\explosion.obj
c:\users\user\documents\gm\gm21game05_input\project4\debug\enemy.obj
c:\users\user\documents\gm\gm21game05_input\project4\debug\camera.obj
c:\users\user\documents\gm\gm21game05_input\project4\debug\bullet.obj
c:\users\user\documents\gm\gm21game05_input\project4\debug\audio_clip.obj
c:\users\user\documents\gm\gm21game05_input\project4\debug\debug_scene.obj
c:\users\user\documents\gm\gm21game05_input\project4\debug\ballenemy.obj
c:\users\user\documents\gm\gm21game05_input\project4\pixelshader.cso
c:\users\user\documents\gm\gm21game05_input\project4\vertexshader.cso
c:\users\user\documents\gm\gm21game05_input\debug\project4.exe
c:\users\user\documents\gm\gm21game05_input\debug\project4.ilk
c:\users\user\documents\gm\gm21game05_input\debug\project4.pdb
c:\users\user\documents\gm\gm21game05_input\project4\debug\project4.tlog\cl.command.1.tlog
c:\users\user\documents\gm\gm21game05_input\project4\debug\project4.tlog\cl.read.1.tlog
c:\users\user\documents\gm\gm21game05_input\project4\debug\project4.tlog\cl.write.1.tlog
c:\users\user\documents\gm\gm21game05_input\project4\debug\project4.tlog\fxc.command.1.tlog
c:\users\user\documents\gm\gm21game05_input\project4\debug\project4.tlog\fxc.read.1.tlog
c:\users\user\documents\gm\gm21game05_input\project4\debug\project4.tlog\fxc.write.1.tlog
c:\users\user\documents\gm\gm21game05_input\project4\debug\project4.tlog\link.command.1.tlog
c:\users\user\documents\gm\gm21game05_input\project4\debug\project4.tlog\link.read.1.tlog
c:\users\user\documents\gm\gm21game05_input\project4\debug\project4.tlog\link.write.1.tlog
